<?xml version="1.0" encoding="UTF-8"?>
<!-- Generated by org.testng.reporters.JUnitReportReporter -->
<testsuite skipped="0" hostname="W1862254" name="com.project.devon.LoginTest" tests="1" failures="0" timestamp="2022-01-28T21:32:01 IST" time="13.293" errors="0">
  <testcase name="test" time="13.293" classname="com.project.devon.LoginTest"/>
  <system-out/>
</testsuite> <!-- com.project.devon.LoginTest -->
