<?xml version="1.0" encoding="UTF-8"?>
<!-- Generated by org.testng.reporters.JUnitReportReporter -->
<testsuite skipped="0" hostname="W1862254" name="com.project.devon.ItemTest" tests="5" failures="0" timestamp="2022-01-31T16:38:48 IST" time="24.391" errors="0">
  <testcase name="failedLoginTest" time="1.049" classname="com.project.devon.ItemTest"/>
  <testcase name="UserLogin" time="0.713" classname="com.project.devon.ItemTest"/>
  <testcase name="addItemToList" time="0.523" classname="com.project.devon.ItemTest"/>
  <testcase name="usercheckOutItem" time="1.131" classname="com.project.devon.ItemTest"/>
  <testcase name="itemOrder" time="20.975" classname="com.project.devon.ItemTest"/>
</testsuite> <!-- com.project.devon.ItemTest -->
